<?xml version="1.0" encoding="UTF-8"?>
<!-- Generated by org.testng.reporters.JUnitXMLReporter -->
<testsuite ignored="0" hostname="DESKTOP-FDQC6TI" failures="0" tests="4" name="Surefire test" time="0.158" errors="0" timestamp="2022-04-07T17:55:26 IST">
  <testcase classname="MavenProject.MavenJava.RestAssuredAPITest" name="RestAssuredAPITestdata" time="0.01"/>
  <testcase classname="MavenProject.MavenJava.RestAssuredAPITest" name="RestassuredAPImethod" time="0.001"/>
  <testcase classname="MavenProject.MavenJava.SeleniumAPITest" name="SeleniumAPImethod" time="0.002"/>
  <testcase classname="MavenProject.MavenJava.SeleniumAPITest" name="Testdata" time="0.001"/>
</testsuite> <!-- Surefire test -->
