<?xml version="1.0" encoding="UTF-8"?>
<testng-results ignored="0" total="4" passed="4" failed="0" skipped="0">
  <reporter-output>
  </reporter-output>
  <suite started-at="2022-04-07T18:07:20 IST" name="Suite" finished-at="2022-04-07T18:07:20 IST" duration-ms="118">
    <groups>
    </groups>
    <test started-at="2022-04-07T18:07:20 IST" name="Test" finished-at="2022-04-07T18:07:20 IST" duration-ms="118">
      <class name="MavenProject.MavenJava.RestAssuredAPITest">
        <test-method signature="RestAssuredAPITestdata()[pri:0, instance:MavenProject.MavenJava.RestAssuredAPITest@363ee3a2]" started-at="2022-04-07T18:07:20 IST" name="RestAssuredAPITestdata" finished-at="2022-04-07T18:07:20 IST" duration-ms="13" status="PASS">
          <reporter-output>
          </reporter-output>
        </test-method> <!-- RestAssuredAPITestdata -->
        <test-method signature="RestassuredAPImethod()[pri:0, instance:MavenProject.MavenJava.RestAssuredAPITest@363ee3a2]" started-at="2022-04-07T18:07:20 IST" name="RestassuredAPImethod" finished-at="2022-04-07T18:07:20 IST" duration-ms="2" status="PASS">
          <reporter-output>
          </reporter-output>
        </test-method> <!-- RestassuredAPImethod -->
      </class> <!-- MavenProject.MavenJava.RestAssuredAPITest -->
      <class name="MavenProject.MavenJava.SeleniumAPITest">
        <test-method signature="SeleniumAPImethod()[pri:0, instance:MavenProject.MavenJava.SeleniumAPITest@2f7c2f4f]" started-at="2022-04-07T18:07:20 IST" name="SeleniumAPImethod" finished-at="2022-04-07T18:07:20 IST" duration-ms="0" status="PASS">
          <reporter-output>
          </reporter-output>
        </test-method> <!-- SeleniumAPImethod -->
        <test-method signature="Testdata()[pri:0, instance:MavenProject.MavenJava.SeleniumAPITest@2f7c2f4f]" started-at="2022-04-07T18:07:20 IST" name="Testdata" finished-at="2022-04-07T18:07:20 IST" duration-ms="1" status="PASS">
          <reporter-output>
          </reporter-output>
        </test-method> <!-- Testdata -->
      </class> <!-- MavenProject.MavenJava.SeleniumAPITest -->
    </test> <!-- Test -->
  </suite> <!-- Suite -->
</testng-results>
